--- Copying files at Fri Mar 28 16:53:56 UTC 2025
--- Copied files finished at Fri Mar 28 16:53:56 UTC 2025
--- Copying files at Wed May 28 06:31:07 UTC 2025
--- Copied files finished at Wed May 28 06:31:07 UTC 2025
--- Copying files at Wed May 28 07:40:53 UTC 2025
--- Copied files finished at Wed May 28 07:40:53 UTC 2025
--- Copying files at Wed May 28 07:55:43 UTC 2025
--- Copied files finished at Wed May 28 07:55:43 UTC 2025
--- Copying files at Sat May 31 04:51:44 UTC 2025
--- Copied files finished at Sat May 31 04:51:44 UTC 2025
--- Copying files at Sat May 31 05:44:52 UTC 2025
--- Copied files finished at Sat May 31 05:44:52 UTC 2025
--- Copying files at Sat May 31 05:51:22 UTC 2025
--- Copied files finished at Sat May 31 05:51:22 UTC 2025
--- Copying files at Sat May 31 05:53:16 UTC 2025
--- Copied files finished at Sat May 31 05:53:16 UTC 2025
--- Copying files at Sat May 31 05:54:06 UTC 2025
--- Copied files finished at Sat May 31 05:54:06 UTC 2025
--- Copying files at Sat May 31 06:28:52 UTC 2025
--- Copied files finished at Sat May 31 06:28:52 UTC 2025
--- Copying files at Sat May 31 06:30:09 UTC 2025
--- Copied files finished at Sat May 31 06:30:09 UTC 2025
--- Copying files at Sat May 31 06:37:47 UTC 2025
--- Copied files finished at Sat May 31 06:37:47 UTC 2025
--- Copying files at Sat May 31 07:06:26 UTC 2025
--- Copied files finished at Sat May 31 07:06:26 UTC 2025
